Movie Collection/Movie_Collection/app/build/outputs/logs/manifest-merger-debug-report.txt
-- Merging decision tree log ---
manifest
ADDED from src\main\AndroidManifest.xml:2:1-19:12
INJECTED from src\main\AndroidManifest.xml:2:1-19:12
INJECTED from src\main\AndroidManifest.xml:2:1-19:12
INJECTED from src\main\AndroidManifest.xml:2:1-19:12
INJECTED from src\main\AndroidManifest.xml:2:1-19:12
INJECTED from src\main\AndroidManifest.xml:2:1-19:12
INJECTED from src\main\AndroidManifest.xml:2:1-19:12
	package
		ADDED from src\main\AndroidManifest.xml:3:4-36
		INJECTED from src\main\AndroidManifest.xml
		INJECTED from src\main\AndroidManifest.xml
	android:versionName
		ADDED from src\main\AndroidManifest.xml:4:4-29
		INJECTED from src\main\AndroidManifest.xml
		INJECTED from src\main\AndroidManifest.xml
	xmlns:android
		ADDED from src\main\AndroidManifest.xml:2:11-69
	android:versionCode
		ADDED from src\main\AndroidManifest.xml:3:37-60
		INJECTED from src\main\AndroidManifest.xml
		INJECTED from src\main\AndroidManifest.xml
application
ADDED from src\main\AndroidManifest.xml:5:4-18:18
	android:label
		ADDED from src\main\AndroidManifest.xml:6:7-39
	android:icon
		ADDED from src\main\AndroidManifest.xml:5:17-46
activity#com.deitel.addressbook.AddressBook
ADDED from src\main\AndroidManifest.xml:7:7-13:18
	android:label
		ADDED from src\main\AndroidManifest.xml:8:10-42
	android:name
		ADDED from src\main\AndroidManifest.xml:7:17-44
intent-filter#action:name:android.intent.action.MAIN+category:name:android.intent.category.LAUNCHER
ADDED from src\main\AndroidManifest.xml:9:10-12:26
action#android.intent.action.MAIN
ADDED from src\main\AndroidManifest.xml:10:13-65
	android:name
		ADDED from src\main\AndroidManifest.xml:10:21-62
category#android.intent.category.LAUNCHER
ADDED from src\main\AndroidManifest.xml:11:13-73
	android:name
		ADDED from src\main\AndroidManifest.xml:11:23-70
activity#com.deitel.addressbook.AddEditContact
ADDED from src\main\AndroidManifest.xml:14:7-15:54
	android:label
		ADDED from src\main\AndroidManifest.xml:15:10-42
	android:name
		ADDED from src\main\AndroidManifest.xml:14:17-47
activity#com.deitel.addressbook.ViewContact
ADDED from src\main\AndroidManifest.xml:16:7-17:54
	android:label
		ADDED from src\main\AndroidManifest.xml:17:10-42
	android:name
		ADDED from src\main\AndroidManifest.xml:16:17-44
uses-sdk
INJECTED from src\main\AndroidManifest.xml reason: use-sdk injection requested
INJECTED from src\main\AndroidManifest.xml
INJECTED from src\main\AndroidManifest.xml
INJECTED from src\main\AndroidManifest.xml
INJECTED from src\main\AndroidManifest.xml
	android:targetSdkVersion
		INJECTED from src\main\AndroidManifest.xml
		ADDED from src\main\AndroidManifest.xml
		INJECTED from src\main\AndroidManifest.xml
	android:minSdkVersion
		INJECTED from src\main\AndroidManifest.xml
		ADDED from src\main\AndroidManifest.xml
		INJECTED from src\main\AndroidManifest.xml